  [1m[36m (1.6ms)[0m  [1mCREATE TABLE "schema_migrations" ("version" varchar NOT NULL) [0m
  [1m[35m (0.1ms)[0m  select sqlite_version(*)
  [1m[36m (1.3ms)[0m  [1mCREATE UNIQUE INDEX "unique_schema_migrations" ON "schema_migrations" ("version")[0m
  [1m[35mActiveRecord::SchemaMigration Load (0.1ms)[0m  SELECT "schema_migrations".* FROM "schema_migrations"
  [1m[36m (2.8ms)[0m  [1mCREATE TABLE "schema_migrations" ("version" varchar NOT NULL) [0m
  [1m[35m (0.1ms)[0m  select sqlite_version(*)
  [1m[36m (1.0ms)[0m  [1mCREATE UNIQUE INDEX "unique_schema_migrations" ON "schema_migrations" ("version")[0m
  [1m[35m (0.1ms)[0m  SELECT version FROM "schema_migrations"
  [1m[36m (0.8ms)[0m  [1mINSERT INTO "schema_migrations" (version) VALUES ('0')[0m
  [1m[36m (1.1ms)[0m  [1mCREATE TABLE "schema_migrations" ("version" varchar NOT NULL) [0m
  [1m[35m (0.1ms)[0m  select sqlite_version(*)
  [1m[36m (1.0ms)[0m  [1mCREATE UNIQUE INDEX "unique_schema_migrations" ON "schema_migrations" ("version")[0m
  [1m[35mActiveRecord::SchemaMigration Load (0.1ms)[0m  SELECT "schema_migrations".* FROM "schema_migrations"
Migrating to CreateTelegramBotRailsConversations (20160427164627)
  [1m[36m (0.1ms)[0m  [1mbegin transaction[0m
  [1m[35m (0.4ms)[0m  CREATE TABLE "telegram_bot_rails_conversations" ("id" INTEGER PRIMARY KEY AUTOINCREMENT NOT NULL, "chat_id" integer, "bot_id" integer, "state" varchar, "created_at" datetime NOT NULL, "updated_at" datetime NOT NULL) 
  [1m[36m (0.1ms)[0m  [1mCREATE  INDEX "index_telegram_bot_rails_conversations_on_bot_id" ON "telegram_bot_rails_conversations" ("bot_id")[0m
  [1m[35mSQL (0.1ms)[0m  INSERT INTO "schema_migrations" ("version") VALUES (?)  [["version", "20160427164627"]]
  [1m[36m (1.2ms)[0m  [1mcommit transaction[0m
Migrating to CreateTelegramBotRailsBots (20160428091347)
  [1m[35m (0.0ms)[0m  begin transaction
  [1m[36m (0.3ms)[0m  [1mCREATE TABLE "telegram_bot_rails_bots" ("id" INTEGER PRIMARY KEY AUTOINCREMENT NOT NULL, "name" varchar, "description" text, "token" varchar, "created_at" datetime NOT NULL, "updated_at" datetime NOT NULL) [0m
  [1m[35m (0.1ms)[0m  CREATE  INDEX "index_telegram_bot_rails_bots_on_token" ON "telegram_bot_rails_bots" ("token")
  [1m[36mSQL (0.1ms)[0m  [1mINSERT INTO "schema_migrations" ("version") VALUES (?)[0m  [["version", "20160428091347"]]
  [1m[35m (0.7ms)[0m  commit transaction
  [1m[36mActiveRecord::SchemaMigration Load (0.1ms)[0m  [1mSELECT "schema_migrations".* FROM "schema_migrations"[0m
  [1m[35m (0.1ms)[0m              SELECT sql
            FROM sqlite_master
            WHERE name='index_telegram_bot_rails_bots_on_token' AND type='index'
            UNION ALL
            SELECT sql
            FROM sqlite_temp_master
            WHERE name='index_telegram_bot_rails_bots_on_token' AND type='index'

  [1m[36m (0.1ms)[0m  [1m            SELECT sql
            FROM sqlite_master
            WHERE name='index_telegram_bot_rails_conversations_on_bot_id' AND type='index'
            UNION ALL
            SELECT sql
            FROM sqlite_temp_master
            WHERE name='index_telegram_bot_rails_conversations_on_bot_id' AND type='index'
[0m
  [1m[36m (1.3ms)[0m  [1mCREATE TABLE "schema_migrations" ("version" varchar NOT NULL) [0m
  [1m[35m (0.1ms)[0m  select sqlite_version(*)
  [1m[36m (1.1ms)[0m  [1mCREATE UNIQUE INDEX "unique_schema_migrations" ON "schema_migrations" ("version")[0m
  [1m[35mActiveRecord::SchemaMigration Load (0.1ms)[0m  SELECT "schema_migrations".* FROM "schema_migrations"
Migrating to CreateTelegramBotRailsConversations (20160427164627)
  [1m[36m (0.1ms)[0m  [1mbegin transaction[0m
  [1m[35m (0.5ms)[0m  CREATE TABLE "telegram_bot_rails_conversations" ("id" INTEGER PRIMARY KEY AUTOINCREMENT NOT NULL, "chat_id" integer, "bot_id" integer, "state" varchar, "created_at" datetime NOT NULL, "updated_at" datetime NOT NULL) 
  [1m[36m (0.1ms)[0m  [1mCREATE  INDEX "index_telegram_bot_rails_conversations_on_bot_id" ON "telegram_bot_rails_conversations" ("bot_id")[0m
  [1m[35mSQL (0.1ms)[0m  INSERT INTO "schema_migrations" ("version") VALUES (?)  [["version", "20160427164627"]]
  [1m[36m (1.2ms)[0m  [1mcommit transaction[0m
Migrating to CreateTelegramBotRailsBots (20160428091347)
  [1m[35m (0.0ms)[0m  begin transaction
  [1m[36m (0.3ms)[0m  [1mCREATE TABLE "telegram_bot_rails_bots" ("id" INTEGER PRIMARY KEY AUTOINCREMENT NOT NULL, "name" varchar, "description" text, "token" varchar NOT NULL, "responder_name" varchar NOT NULL, "created_at" datetime NOT NULL, "updated_at" datetime NOT NULL) [0m
  [1m[35m (0.1ms)[0m  CREATE  INDEX "index_telegram_bot_rails_bots_on_token" ON "telegram_bot_rails_bots" ("token")
  [1m[36mSQL (0.1ms)[0m  [1mINSERT INTO "schema_migrations" ("version") VALUES (?)[0m  [["version", "20160428091347"]]
  [1m[35m (0.9ms)[0m  commit transaction
  [1m[36mActiveRecord::SchemaMigration Load (0.1ms)[0m  [1mSELECT "schema_migrations".* FROM "schema_migrations"[0m
  [1m[35m (0.1ms)[0m              SELECT sql
            FROM sqlite_master
            WHERE name='index_telegram_bot_rails_bots_on_token' AND type='index'
            UNION ALL
            SELECT sql
            FROM sqlite_temp_master
            WHERE name='index_telegram_bot_rails_bots_on_token' AND type='index'

  [1m[36m (0.1ms)[0m  [1m            SELECT sql
            FROM sqlite_master
            WHERE name='index_telegram_bot_rails_conversations_on_bot_id' AND type='index'
            UNION ALL
            SELECT sql
            FROM sqlite_temp_master
            WHERE name='index_telegram_bot_rails_conversations_on_bot_id' AND type='index'
[0m
  [1m[36m (1.4ms)[0m  [1mCREATE TABLE "telegram_bot_rails_bots" ("id" INTEGER PRIMARY KEY AUTOINCREMENT NOT NULL, "name" varchar, "description" text, "token" varchar NOT NULL, "responder_name" varchar NOT NULL, "created_at" datetime NOT NULL, "updated_at" datetime NOT NULL) [0m
  [1m[35m (0.2ms)[0m  select sqlite_version(*)
  [1m[36m (2.1ms)[0m  [1mCREATE  INDEX "index_telegram_bot_rails_bots_on_token" ON "telegram_bot_rails_bots" ("token")[0m
  [1m[35m (1.3ms)[0m  CREATE TABLE "telegram_bot_rails_conversations" ("id" INTEGER PRIMARY KEY AUTOINCREMENT NOT NULL, "chat_id" integer, "bot_id" integer, "state" varchar, "created_at" datetime NOT NULL, "updated_at" datetime NOT NULL) 
  [1m[36m (1.2ms)[0m  [1mCREATE  INDEX "index_telegram_bot_rails_conversations_on_bot_id" ON "telegram_bot_rails_conversations" ("bot_id")[0m
  [1m[35m (1.3ms)[0m  CREATE TABLE "schema_migrations" ("version" varchar NOT NULL) 
  [1m[36m (0.8ms)[0m  [1mCREATE UNIQUE INDEX "unique_schema_migrations" ON "schema_migrations" ("version")[0m
  [1m[35m (0.1ms)[0m  SELECT version FROM "schema_migrations"
  [1m[36m (0.7ms)[0m  [1mINSERT INTO "schema_migrations" (version) VALUES ('20160428091347')[0m
  [1m[35m (0.8ms)[0m  INSERT INTO "schema_migrations" (version) VALUES ('20160427164627')
  [1m[36m (1.0ms)[0m  [1mCREATE TABLE "telegram_bot_rails_bots" ("id" INTEGER PRIMARY KEY AUTOINCREMENT NOT NULL, "name" varchar, "description" text, "token" varchar NOT NULL, "responder_name" varchar NOT NULL, "created_at" datetime NOT NULL, "updated_at" datetime NOT NULL) [0m
  [1m[35m (0.1ms)[0m  select sqlite_version(*)
  [1m[36m (0.7ms)[0m  [1mCREATE  INDEX "index_telegram_bot_rails_bots_on_token" ON "telegram_bot_rails_bots" ("token")[0m
  [1m[35m (0.9ms)[0m  CREATE TABLE "telegram_bot_rails_conversations" ("id" INTEGER PRIMARY KEY AUTOINCREMENT NOT NULL, "chat_id" integer, "bot_id" integer, "state" varchar, "created_at" datetime NOT NULL, "updated_at" datetime NOT NULL) 
  [1m[36m (0.9ms)[0m  [1mCREATE  INDEX "index_telegram_bot_rails_conversations_on_bot_id" ON "telegram_bot_rails_conversations" ("bot_id")[0m
  [1m[35m (1.0ms)[0m  CREATE TABLE "schema_migrations" ("version" varchar NOT NULL) 
  [1m[36m (1.3ms)[0m  [1mCREATE UNIQUE INDEX "unique_schema_migrations" ON "schema_migrations" ("version")[0m
  [1m[35m (0.1ms)[0m  SELECT version FROM "schema_migrations"
  [1m[36m (0.8ms)[0m  [1mINSERT INTO "schema_migrations" (version) VALUES ('20160428091347')[0m
  [1m[35m (1.2ms)[0m  INSERT INTO "schema_migrations" (version) VALUES ('20160427164627')
  [1m[36mActiveRecord::SchemaMigration Load (0.1ms)[0m  [1mSELECT "schema_migrations".* FROM "schema_migrations"[0m
  [1m[36m (1.3ms)[0m  [1mCREATE TABLE "schema_migrations" ("version" varchar NOT NULL) [0m
  [1m[35m (0.1ms)[0m  select sqlite_version(*)
  [1m[36m (1.0ms)[0m  [1mCREATE UNIQUE INDEX "unique_schema_migrations" ON "schema_migrations" ("version")[0m
  [1m[35mActiveRecord::SchemaMigration Load (0.1ms)[0m  SELECT "schema_migrations".* FROM "schema_migrations"
Migrating to CreateTelegramBotRailsConversations (20160428101451)
  [1m[36m (0.1ms)[0m  [1mbegin transaction[0m
  [1m[35m (0.4ms)[0m  CREATE TABLE "telegram_bot_rails_conversations" ("id" INTEGER PRIMARY KEY AUTOINCREMENT NOT NULL, "chat_id" integer, "bot_id" integer, "state" varchar, "created_at" datetime NOT NULL, "updated_at" datetime NOT NULL) 
  [1m[36m (0.1ms)[0m  [1mCREATE  INDEX "index_telegram_bot_rails_conversations_on_bot_id" ON "telegram_bot_rails_conversations" ("bot_id")[0m
  [1m[35mSQL (0.2ms)[0m  INSERT INTO "schema_migrations" ("version") VALUES (?)  [["version", "20160428101451"]]
  [1m[36m (1.0ms)[0m  [1mcommit transaction[0m
Migrating to CreateTelegramBotRailsBots (20160428101452)
  [1m[35m (0.1ms)[0m  begin transaction
  [1m[36m (0.3ms)[0m  [1mCREATE TABLE "telegram_bot_rails_bots" ("id" INTEGER PRIMARY KEY AUTOINCREMENT NOT NULL, "name" varchar, "description" text, "token" varchar NOT NULL, "responder_name" varchar DEFAULT 'application_responder' NOT NULL, "created_at" datetime NOT NULL, "updated_at" datetime NOT NULL) [0m
  [1m[35m (0.1ms)[0m  CREATE  INDEX "index_telegram_bot_rails_bots_on_token" ON "telegram_bot_rails_bots" ("token")
  [1m[36mSQL (0.1ms)[0m  [1mINSERT INTO "schema_migrations" ("version") VALUES (?)[0m  [["version", "20160428101452"]]
  [1m[35m (1.4ms)[0m  commit transaction
  [1m[36mActiveRecord::SchemaMigration Load (0.1ms)[0m  [1mSELECT "schema_migrations".* FROM "schema_migrations"[0m
  [1m[35m (0.1ms)[0m              SELECT sql
            FROM sqlite_master
            WHERE name='index_telegram_bot_rails_bots_on_token' AND type='index'
            UNION ALL
            SELECT sql
            FROM sqlite_temp_master
            WHERE name='index_telegram_bot_rails_bots_on_token' AND type='index'

  [1m[36m (0.1ms)[0m  [1m            SELECT sql
            FROM sqlite_master
            WHERE name='index_telegram_bot_rails_conversations_on_bot_id' AND type='index'
            UNION ALL
            SELECT sql
            FROM sqlite_temp_master
            WHERE name='index_telegram_bot_rails_conversations_on_bot_id' AND type='index'
[0m
  [1m[36m (1.7ms)[0m  [1mCREATE TABLE "telegram_bot_rails_bots" ("id" INTEGER PRIMARY KEY AUTOINCREMENT NOT NULL, "name" varchar, "description" text, "token" varchar NOT NULL, "responder_name" varchar DEFAULT 'application_responder' NOT NULL, "created_at" datetime NOT NULL, "updated_at" datetime NOT NULL) [0m
  [1m[35m (0.2ms)[0m  select sqlite_version(*)
  [1m[36m (1.3ms)[0m  [1mCREATE  INDEX "index_telegram_bot_rails_bots_on_token" ON "telegram_bot_rails_bots" ("token")[0m
  [1m[35m (1.1ms)[0m  CREATE TABLE "telegram_bot_rails_conversations" ("id" INTEGER PRIMARY KEY AUTOINCREMENT NOT NULL, "chat_id" integer, "bot_id" integer, "state" varchar, "created_at" datetime NOT NULL, "updated_at" datetime NOT NULL) 
  [1m[36m (0.9ms)[0m  [1mCREATE  INDEX "index_telegram_bot_rails_conversations_on_bot_id" ON "telegram_bot_rails_conversations" ("bot_id")[0m
  [1m[35m (1.1ms)[0m  CREATE TABLE "schema_migrations" ("version" varchar NOT NULL) 
  [1m[36m (1.0ms)[0m  [1mCREATE UNIQUE INDEX "unique_schema_migrations" ON "schema_migrations" ("version")[0m
  [1m[35m (0.1ms)[0m  SELECT version FROM "schema_migrations"
  [1m[36m (1.0ms)[0m  [1mINSERT INTO "schema_migrations" (version) VALUES ('20160428101452')[0m
  [1m[35m (1.1ms)[0m  INSERT INTO "schema_migrations" (version) VALUES ('20160428101451')
  [1m[36m (0.8ms)[0m  [1mINSERT INTO "schema_migrations" (version) VALUES ('20160427164627')[0m
  [1m[35m (1.4ms)[0m  INSERT INTO "schema_migrations" (version) VALUES ('20160428091347')
  [1m[36m (0.1ms)[0m  [1mbegin transaction[0m
  [1m[35mSQL (1.3ms)[0m  INSERT INTO "telegram_bot_rails_bots" ("name", "token", "created_at", "updated_at") VALUES (?, ?, ?, ?)  [["name", "test_bot"], ["token", "ABCDEFG"], ["created_at", "2016-05-26 08:58:16.858559"], ["updated_at", "2016-05-26 08:58:16.858559"]]
  [1m[36m (2.7ms)[0m  [1mcommit transaction[0m
  [1m[35m (0.1ms)[0m  begin transaction
  [1m[36mSQL (0.2ms)[0m  [1mINSERT INTO "telegram_bot_rails_bots" ("name", "token", "created_at", "updated_at") VALUES (?, ?, ?, ?)[0m  [["name", "test_bot"], ["token", "ABCDEFG"], ["created_at", "2016-05-26 08:58:16.867959"], ["updated_at", "2016-05-26 08:58:16.867959"]]
  [1m[35m (0.9ms)[0m  commit transaction
  [1m[36m (0.1ms)[0m  [1mbegin transaction[0m
  [1m[35mSQL (0.5ms)[0m  INSERT INTO "telegram_bot_rails_bots" ("name", "token", "created_at", "updated_at") VALUES (?, ?, ?, ?)  [["name", "test_bot"], ["token", "ABCDEFG"], ["created_at", "2016-05-26 08:58:50.967512"], ["updated_at", "2016-05-26 08:58:50.967512"]]
  [1m[36m (1.2ms)[0m  [1mcommit transaction[0m
  [1m[35m (0.1ms)[0m  begin transaction
  [1m[36mSQL (0.3ms)[0m  [1mINSERT INTO "telegram_bot_rails_bots" ("name", "token", "created_at", "updated_at") VALUES (?, ?, ?, ?)[0m  [["name", "test_bot"], ["token", "ABCDEFG"], ["created_at", "2016-05-26 08:58:50.974574"], ["updated_at", "2016-05-26 08:58:50.974574"]]
  [1m[35m (1.0ms)[0m  commit transaction
  [1m[36m (0.1ms)[0m  [1mbegin transaction[0m
  [1m[35mSQL (0.4ms)[0m  INSERT INTO "telegram_bot_rails_bots" ("name", "token", "created_at", "updated_at") VALUES (?, ?, ?, ?)  [["name", "pippo"], ["token", "3253463"], ["created_at", "2016-05-26 09:41:46.244268"], ["updated_at", "2016-05-26 09:41:46.244268"]]
  [1m[36m (2.0ms)[0m  [1mcommit transaction[0m
  [1m[36m (0.1ms)[0m  [1mbegin transaction[0m
  [1m[35mSQL (0.4ms)[0m  INSERT INTO "telegram_bot_rails_bots" ("name", "token", "created_at", "updated_at") VALUES (?, ?, ?, ?)  [["name", "pippo"], ["token", "3253463"], ["created_at", "2016-05-26 10:06:25.288683"], ["updated_at", "2016-05-26 10:06:25.288683"]]
  [1m[36m (1.1ms)[0m  [1mcommit transaction[0m
  [1m[36m (0.1ms)[0m  [1mbegin transaction[0m
  [1m[35mSQL (0.4ms)[0m  INSERT INTO "telegram_bot_rails_bots" ("name", "token", "created_at", "updated_at") VALUES (?, ?, ?, ?)  [["name", "pippo"], ["token", "3253463"], ["created_at", "2016-05-26 10:07:12.482065"], ["updated_at", "2016-05-26 10:07:12.482065"]]
  [1m[36m (3.4ms)[0m  [1mcommit transaction[0m
  [1m[36m (0.1ms)[0m  [1mbegin transaction[0m
  [1m[35mSQL (0.4ms)[0m  INSERT INTO "telegram_bot_rails_bots" ("name", "token", "created_at", "updated_at") VALUES (?, ?, ?, ?)  [["name", "pippo"], ["token", "3253463"], ["created_at", "2016-05-26 10:07:26.379027"], ["updated_at", "2016-05-26 10:07:26.379027"]]
  [1m[36m (3.7ms)[0m  [1mcommit transaction[0m
  [1m[36m (0.1ms)[0m  [1mbegin transaction[0m
  [1m[35mSQL (1.4ms)[0m  INSERT INTO "telegram_bot_rails_bots" ("name", "token", "created_at", "updated_at") VALUES (?, ?, ?, ?)  [["name", "pippo"], ["token", "3253463"], ["created_at", "2016-05-26 10:08:14.369900"], ["updated_at", "2016-05-26 10:08:14.369900"]]
  [1m[36m (1.0ms)[0m  [1mcommit transaction[0m
  [1m[36m (0.1ms)[0m  [1mbegin transaction[0m
  [1m[35mSQL (1.0ms)[0m  INSERT INTO "telegram_bot_rails_bots" ("name", "token", "created_at", "updated_at") VALUES (?, ?, ?, ?)  [["name", "pippo"], ["token", "3253463"], ["created_at", "2016-05-26 10:08:35.759355"], ["updated_at", "2016-05-26 10:08:35.759355"]]
  [1m[36m (3.1ms)[0m  [1mcommit transaction[0m
  [1m[36mTelegramBotRails::Bot Load (0.5ms)[0m  [1mSELECT  "telegram_bot_rails_bots".* FROM "telegram_bot_rails_bots"  ORDER BY "telegram_bot_rails_bots"."id" ASC LIMIT 1000[0m
  [1m[36mTelegramBotRails::Bot Load (0.3ms)[0m  [1mSELECT  "telegram_bot_rails_bots".* FROM "telegram_bot_rails_bots"  ORDER BY "telegram_bot_rails_bots"."id" ASC LIMIT 1000[0m
  [1m[36mTelegramBotRails::Bot Load (0.2ms)[0m  [1mSELECT  "telegram_bot_rails_bots".* FROM "telegram_bot_rails_bots"  ORDER BY "telegram_bot_rails_bots"."id" ASC LIMIT 1000[0m
  [1m[36mTelegramBotRails::Bot Load (0.2ms)[0m  [1mSELECT  "telegram_bot_rails_bots".* FROM "telegram_bot_rails_bots"  ORDER BY "telegram_bot_rails_bots"."id" ASC LIMIT 1000[0m
  [1m[36mTelegramBotRails::Bot Load (0.1ms)[0m  [1mSELECT  "telegram_bot_rails_bots".* FROM "telegram_bot_rails_bots"  ORDER BY "telegram_bot_rails_bots"."id" ASC LIMIT 1000[0m
  [1m[36mTelegramBotRails::Bot Load (0.2ms)[0m  [1mSELECT  "telegram_bot_rails_bots".* FROM "telegram_bot_rails_bots"  ORDER BY "telegram_bot_rails_bots"."id" ASC LIMIT 1000[0m
  [1m[36mTelegramBotRails::Bot Load (0.2ms)[0m  [1mSELECT  "telegram_bot_rails_bots".* FROM "telegram_bot_rails_bots"  ORDER BY "telegram_bot_rails_bots"."id" ASC LIMIT 1000[0m
  [1m[36mTelegramBotRails::Bot Load (0.4ms)[0m  [1mSELECT  "telegram_bot_rails_bots".* FROM "telegram_bot_rails_bots"  ORDER BY "telegram_bot_rails_bots"."id" ASC LIMIT 1000[0m
  [1m[36mTelegramBotRails::Bot Load (0.1ms)[0m  [1mSELECT  "telegram_bot_rails_bots".* FROM "telegram_bot_rails_bots"  ORDER BY "telegram_bot_rails_bots"."id" ASC LIMIT 1000[0m
  [1m[36mTelegramBotRails::Bot Load (0.2ms)[0m  [1mSELECT  "telegram_bot_rails_bots".* FROM "telegram_bot_rails_bots"  ORDER BY "telegram_bot_rails_bots"."id" ASC LIMIT 1000[0m
  [1m[36mTelegramBotRails::Bot Load (0.4ms)[0m  [1mSELECT  "telegram_bot_rails_bots".* FROM "telegram_bot_rails_bots"  ORDER BY "telegram_bot_rails_bots"."id" ASC LIMIT 1000[0m
  [1m[36mTelegramBotRails::Bot Load (0.1ms)[0m  [1mSELECT  "telegram_bot_rails_bots".* FROM "telegram_bot_rails_bots"  ORDER BY "telegram_bot_rails_bots"."id" ASC LIMIT 1000[0m
  [1m[36mTelegramBotRails::Bot Load (0.3ms)[0m  [1mSELECT  "telegram_bot_rails_bots".* FROM "telegram_bot_rails_bots"  ORDER BY "telegram_bot_rails_bots"."id" ASC LIMIT 1000[0m
  [1m[36mTelegramBotRails::Bot Load (0.1ms)[0m  [1mSELECT  "telegram_bot_rails_bots".* FROM "telegram_bot_rails_bots"  ORDER BY "telegram_bot_rails_bots"."id" ASC LIMIT 1000[0m
  [1m[36mTelegramBotRails::Bot Load (0.2ms)[0m  [1mSELECT  "telegram_bot_rails_bots".* FROM "telegram_bot_rails_bots"  ORDER BY "telegram_bot_rails_bots"."id" ASC LIMIT 1000[0m
  [1m[36mTelegramBotRails::Bot Load (0.2ms)[0m  [1mSELECT  "telegram_bot_rails_bots".* FROM "telegram_bot_rails_bots"  ORDER BY "telegram_bot_rails_bots"."id" ASC LIMIT 1000[0m
  [1m[36mTelegramBotRails::Bot Load (0.3ms)[0m  [1mSELECT  "telegram_bot_rails_bots".* FROM "telegram_bot_rails_bots"  ORDER BY "telegram_bot_rails_bots"."id" ASC LIMIT 1000[0m
  [1m[36mTelegramBotRails::Bot Load (0.3ms)[0m  [1mSELECT  "telegram_bot_rails_bots".* FROM "telegram_bot_rails_bots"  ORDER BY "telegram_bot_rails_bots"."id" ASC LIMIT 1000[0m
  [1m[36mTelegramBotRails::Bot Load (0.2ms)[0m  [1mSELECT  "telegram_bot_rails_bots".* FROM "telegram_bot_rails_bots"  ORDER BY "telegram_bot_rails_bots"."id" ASC LIMIT 1000[0m
  [1m[36mTelegramBotRails::Bot Load (0.1ms)[0m  [1mSELECT  "telegram_bot_rails_bots".* FROM "telegram_bot_rails_bots"  ORDER BY "telegram_bot_rails_bots"."id" ASC LIMIT 1000[0m
  [1m[36mTelegramBotRails::Bot Load (0.1ms)[0m  [1mSELECT  "telegram_bot_rails_bots".* FROM "telegram_bot_rails_bots"  ORDER BY "telegram_bot_rails_bots"."id" ASC LIMIT 1000[0m
  [1m[36mTelegramBotRails::Bot Load (0.1ms)[0m  [1mSELECT  "telegram_bot_rails_bots".* FROM "telegram_bot_rails_bots"  ORDER BY "telegram_bot_rails_bots"."id" ASC LIMIT 1000[0m
  [1m[36mTelegramBotRails::Bot Load (0.1ms)[0m  [1mSELECT  "telegram_bot_rails_bots".* FROM "telegram_bot_rails_bots"  ORDER BY "telegram_bot_rails_bots"."id" ASC LIMIT 1000[0m
  [1m[36mTelegramBotRails::Bot Load (0.2ms)[0m  [1mSELECT  "telegram_bot_rails_bots".* FROM "telegram_bot_rails_bots"  ORDER BY "telegram_bot_rails_bots"."id" ASC LIMIT 1000[0m
  [1m[36mTelegramBotRails::Bot Load (0.2ms)[0m  [1mSELECT  "telegram_bot_rails_bots".* FROM "telegram_bot_rails_bots"  ORDER BY "telegram_bot_rails_bots"."id" ASC LIMIT 1000[0m
  [1m[35mTelegramBotRails::Bot Load (0.7ms)[0m  SELECT "telegram_bot_rails_bots".* FROM "telegram_bot_rails_bots"
  [1m[36mSQL (6.4ms)[0m  [1mDELETE FROM "telegram_bot_rails_bots"[0m
  [1m[36mTelegramBotRails::Bot Load (0.1ms)[0m  [1mSELECT  "telegram_bot_rails_bots".* FROM "telegram_bot_rails_bots"  ORDER BY "telegram_bot_rails_bots"."id" ASC LIMIT 1000[0m
